{"D:/Study/SWE/Front-End/src/components/BoxCard.jsx": {"path":"D:/Study/SWE/Front-End/src/components/BoxCard.jsx","statementMap":{"0":{"start":{"line":6,"column":19},"end":{"line":6,"column":null}},"1":{"start":{"line":7,"column":2},"end":{"line":47,"column":null}},"2":{"start":{"line":18,"column":37},"end":{"line":18,"column":null}}},"fnMap":{"0":{"name":"BoxCard","decl":{"start":{"line":5,"column":9},"end":{"line":5,"column":17}},"loc":{"start":{"line":5,"column":49},"end":{"line":49,"column":null}}},"1":{"name":"(anonymous_1)","decl":{"start":{"line":18,"column":31},"end":{"line":18,"column":37}},"loc":{"start":{"line":18,"column":37},"end":{"line":18,"column":null}}}},"branchMap":{"0":{"loc":{"start":{"line":18,"column":19},"end":{"line":18,"column":null}},"type":"binary-expr","locations":[{"start":{"line":18,"column":19},"end":{"line":18,"column":31}},{"start":{"line":18,"column":31},"end":{"line":18,"column":null}}]}},"s":{"0":0,"1":0,"2":0},"f":{"0":0,"1":0},"b":{"0":[0,0]}}
,"D:/Study/SWE/Front-End/src/components/OwnToaster.jsx": {"path":"D:/Study/SWE/Front-End/src/components/OwnToaster.jsx","statementMap":{"0":{"start":{"line":5,"column":2},"end":{"line":19,"column":null}}},"fnMap":{"0":{"name":"OwnToaster","decl":{"start":{"line":4,"column":9},"end":{"line":4,"column":22}},"loc":{"start":{"line":4,"column":22},"end":{"line":21,"column":null}}}},"branchMap":{},"s":{"0":0},"f":{"0":0},"b":{}}
,"D:/Study/SWE/Front-End/src/components/Spinner.jsx": {"path":"D:/Study/SWE/Front-End/src/components/Spinner.jsx","statementMap":{"0":{"start":{"line":4,"column":2},"end":{"line":12,"column":null}}},"fnMap":{"0":{"name":"Spinner","decl":{"start":{"line":3,"column":9},"end":{"line":3,"column":19}},"loc":{"start":{"line":3,"column":19},"end":{"line":14,"column":null}}}},"branchMap":{},"s":{"0":0},"f":{"0":0},"b":{}}
,"D:/Study/SWE/Front-End/src/components/form-controls/Button.jsx": {"path":"D:/Study/SWE/Front-End/src/components/form-controls/Button.jsx","statementMap":{"0":{"start":{"line":21,"column":2},"end":{"line":149,"column":null}}},"fnMap":{"0":{"name":"Button","decl":{"start":{"line":5,"column":9},"end":{"line":5,"column":16}},"loc":{"start":{"line":20,"column":3},"end":{"line":151,"column":null}}}},"branchMap":{"0":{"loc":{"start":{"line":22,"column":32},"end":{"line":22,"column":53}},"type":"binary-expr","locations":[{"start":{"line":22,"column":32},"end":{"line":22,"column":41}},{"start":{"line":22,"column":41},"end":{"line":22,"column":53}}]},"1":{"loc":{"start":{"line":22,"column":57},"end":{"line":22,"column":74}},"type":"binary-expr","locations":[{"start":{"line":22,"column":57},"end":{"line":22,"column":66}},{"start":{"line":22,"column":66},"end":{"line":22,"column":74}}]},"2":{"loc":{"start":{"line":23,"column":7},"end":{"line":147,"column":null}},"type":"cond-expr","locations":[{"start":{"line":24,"column":8},"end":{"line":84,"column":null}},{"start":{"line":86,"column":8},"end":{"line":147,"column":null}}]},"3":{"loc":{"start":{"line":28,"column":22},"end":{"line":28,"column":null}},"type":"binary-expr","locations":[{"start":{"line":28,"column":22},"end":{"line":28,"column":34}},{"start":{"line":28,"column":34},"end":{"line":28,"column":null}}]},"4":{"loc":{"start":{"line":31,"column":14},"end":{"line":31,"column":null}},"type":"cond-expr","locations":[{"start":{"line":31,"column":43},"end":{"line":31,"column":74}},{"start":{"line":31,"column":74},"end":{"line":31,"column":null}}]},"5":{"loc":{"start":{"line":33,"column":14},"end":{"line":33,"column":null}},"type":"cond-expr","locations":[{"start":{"line":33,"column":44},"end":{"line":33,"column":76}},{"start":{"line":33,"column":76},"end":{"line":33,"column":null}}]},"6":{"loc":{"start":{"line":35,"column":14},"end":{"line":37,"column":null}},"type":"cond-expr","locations":[{"start":{"line":36,"column":18},"end":{"line":36,"column":null}},{"start":{"line":37,"column":18},"end":{"line":37,"column":null}}]},"7":{"loc":{"start":{"line":38,"column":17},"end":{"line":38,"column":65}},"type":"cond-expr","locations":[{"start":{"line":38,"column":45},"end":{"line":38,"column":63}},{"start":{"line":38,"column":63},"end":{"line":38,"column":65}}]},"8":{"loc":{"start":{"line":39,"column":14},"end":{"line":41,"column":null}},"type":"cond-expr","locations":[{"start":{"line":40,"column":18},"end":{"line":40,"column":null}},{"start":{"line":41,"column":18},"end":{"line":41,"column":null}}]},"9":{"loc":{"start":{"line":43,"column":14},"end":{"line":45,"column":null}},"type":"cond-expr","locations":[{"start":{"line":44,"column":18},"end":{"line":44,"column":null}},{"start":{"line":45,"column":18},"end":{"line":45,"column":null}}]},"10":{"loc":{"start":{"line":47,"column":14},"end":{"line":49,"column":null}},"type":"cond-expr","locations":[{"start":{"line":48,"column":18},"end":{"line":48,"column":null}},{"start":{"line":49,"column":18},"end":{"line":49,"column":null}}]},"11":{"loc":{"start":{"line":50,"column":17},"end":{"line":50,"column":74}},"type":"cond-expr","locations":[{"start":{"line":50,"column":49},"end":{"line":50,"column":72}},{"start":{"line":50,"column":72},"end":{"line":50,"column":74}}]},"12":{"loc":{"start":{"line":51,"column":31},"end":{"line":51,"column":74}},"type":"cond-expr","locations":[{"start":{"line":51,"column":56},"end":{"line":51,"column":72}},{"start":{"line":51,"column":72},"end":{"line":51,"column":74}}]},"13":{"loc":{"start":{"line":52,"column":10},"end":{"line":52,"column":null}},"type":"cond-expr","locations":[{"start":{"line":52,"column":36},"end":{"line":52,"column":53}},{"start":{"line":52,"column":53},"end":{"line":52,"column":null}}]},"14":{"loc":{"start":{"line":53,"column":13},"end":{"line":53,"column":58}},"type":"cond-expr","locations":[{"start":{"line":53,"column":39},"end":{"line":53,"column":56}},{"start":{"line":53,"column":56},"end":{"line":53,"column":58}}]},"15":{"loc":{"start":{"line":54,"column":10},"end":{"line":54,"column":null}},"type":"cond-expr","locations":[{"start":{"line":54,"column":35},"end":{"line":54,"column":57}},{"start":{"line":54,"column":57},"end":{"line":54,"column":null}}]},"16":{"loc":{"start":{"line":56,"column":10},"end":{"line":56,"column":null}},"type":"cond-expr","locations":[{"start":{"line":56,"column":34},"end":{"line":56,"column":77}},{"start":{"line":56,"column":77},"end":{"line":56,"column":null}}]},"17":{"loc":{"start":{"line":58,"column":10},"end":{"line":58,"column":53}},"type":"cond-expr","locations":[{"start":{"line":58,"column":35},"end":{"line":58,"column":51}},{"start":{"line":58,"column":51},"end":{"line":58,"column":53}}]},"18":{"loc":{"start":{"line":61,"column":13},"end":{"line":67,"column":null}},"type":"binary-expr","locations":[{"start":{"line":61,"column":13},"end":{"line":61,"column":null}},{"start":{"line":62,"column":14},"end":{"line":67,"column":null}}]},"19":{"loc":{"start":{"line":70,"column":33},"end":{"line":70,"column":56}},"type":"binary-expr","locations":[{"start":{"line":70,"column":33},"end":{"line":70,"column":45}},{"start":{"line":70,"column":45},"end":{"line":70,"column":56}}]},"20":{"loc":{"start":{"line":71,"column":16},"end":{"line":71,"column":null}},"type":"cond-expr","locations":[{"start":{"line":71,"column":40},"end":{"line":71,"column":54}},{"start":{"line":71,"column":54},"end":{"line":71,"column":null}}]},"21":{"loc":{"start":{"line":72,"column":19},"end":{"line":72,"column":62}},"type":"cond-expr","locations":[{"start":{"line":72,"column":44},"end":{"line":72,"column":60}},{"start":{"line":72,"column":60},"end":{"line":72,"column":62}}]},"22":{"loc":{"start":{"line":73,"column":16},"end":{"line":73,"column":null}},"type":"cond-expr","locations":[{"start":{"line":73,"column":41},"end":{"line":73,"column":56}},{"start":{"line":73,"column":56},"end":{"line":73,"column":null}}]},"23":{"loc":{"start":{"line":74,"column":19},"end":{"line":74,"column":61}},"type":"cond-expr","locations":[{"start":{"line":74,"column":42},"end":{"line":74,"column":59}},{"start":{"line":74,"column":59},"end":{"line":74,"column":61}}]},"24":{"loc":{"start":{"line":75,"column":14},"end":{"line":75,"column":63}},"type":"cond-expr","locations":[{"start":{"line":75,"column":42},"end":{"line":75,"column":61}},{"start":{"line":75,"column":61},"end":{"line":75,"column":63}}]},"25":{"loc":{"start":{"line":76,"column":14},"end":{"line":76,"column":null}},"type":"cond-expr","locations":[{"start":{"line":76,"column":43},"end":{"line":76,"column":64}},{"start":{"line":76,"column":64},"end":{"line":76,"column":null}}]},"26":{"loc":{"start":{"line":77,"column":17},"end":{"line":77,"column":68}},"type":"cond-expr","locations":[{"start":{"line":77,"column":46},"end":{"line":77,"column":66}},{"start":{"line":77,"column":66},"end":{"line":77,"column":68}}]},"27":{"loc":{"start":{"line":78,"column":14},"end":{"line":78,"column":60}},"type":"cond-expr","locations":[{"start":{"line":78,"column":41},"end":{"line":78,"column":58}},{"start":{"line":78,"column":58},"end":{"line":78,"column":60}}]},"28":{"loc":{"start":{"line":89,"column":22},"end":{"line":89,"column":null}},"type":"binary-expr","locations":[{"start":{"line":89,"column":22},"end":{"line":89,"column":34}},{"start":{"line":89,"column":34},"end":{"line":89,"column":null}}]},"29":{"loc":{"start":{"line":91,"column":21},"end":{"line":91,"column":null}},"type":"binary-expr","locations":[{"start":{"line":91,"column":21},"end":{"line":91,"column":32}},{"start":{"line":91,"column":32},"end":{"line":91,"column":null}}]},"30":{"loc":{"start":{"line":94,"column":14},"end":{"line":94,"column":null}},"type":"cond-expr","locations":[{"start":{"line":94,"column":43},"end":{"line":94,"column":74}},{"start":{"line":94,"column":74},"end":{"line":94,"column":null}}]},"31":{"loc":{"start":{"line":96,"column":14},"end":{"line":96,"column":null}},"type":"cond-expr","locations":[{"start":{"line":96,"column":44},"end":{"line":96,"column":76}},{"start":{"line":96,"column":76},"end":{"line":96,"column":null}}]},"32":{"loc":{"start":{"line":98,"column":14},"end":{"line":100,"column":null}},"type":"cond-expr","locations":[{"start":{"line":99,"column":18},"end":{"line":99,"column":null}},{"start":{"line":100,"column":18},"end":{"line":100,"column":null}}]},"33":{"loc":{"start":{"line":101,"column":17},"end":{"line":101,"column":65}},"type":"cond-expr","locations":[{"start":{"line":101,"column":45},"end":{"line":101,"column":63}},{"start":{"line":101,"column":63},"end":{"line":101,"column":65}}]},"34":{"loc":{"start":{"line":102,"column":14},"end":{"line":104,"column":null}},"type":"cond-expr","locations":[{"start":{"line":103,"column":18},"end":{"line":103,"column":null}},{"start":{"line":104,"column":18},"end":{"line":104,"column":null}}]},"35":{"loc":{"start":{"line":106,"column":14},"end":{"line":108,"column":null}},"type":"cond-expr","locations":[{"start":{"line":107,"column":18},"end":{"line":107,"column":null}},{"start":{"line":108,"column":18},"end":{"line":108,"column":null}}]},"36":{"loc":{"start":{"line":110,"column":14},"end":{"line":112,"column":null}},"type":"cond-expr","locations":[{"start":{"line":111,"column":18},"end":{"line":111,"column":null}},{"start":{"line":112,"column":18},"end":{"line":112,"column":null}}]},"37":{"loc":{"start":{"line":113,"column":17},"end":{"line":113,"column":74}},"type":"cond-expr","locations":[{"start":{"line":113,"column":49},"end":{"line":113,"column":72}},{"start":{"line":113,"column":72},"end":{"line":113,"column":74}}]},"38":{"loc":{"start":{"line":114,"column":31},"end":{"line":114,"column":74}},"type":"cond-expr","locations":[{"start":{"line":114,"column":56},"end":{"line":114,"column":72}},{"start":{"line":114,"column":72},"end":{"line":114,"column":74}}]},"39":{"loc":{"start":{"line":115,"column":10},"end":{"line":115,"column":null}},"type":"cond-expr","locations":[{"start":{"line":115,"column":36},"end":{"line":115,"column":53}},{"start":{"line":115,"column":53},"end":{"line":115,"column":null}}]},"40":{"loc":{"start":{"line":116,"column":13},"end":{"line":116,"column":58}},"type":"cond-expr","locations":[{"start":{"line":116,"column":39},"end":{"line":116,"column":56}},{"start":{"line":116,"column":56},"end":{"line":116,"column":58}}]},"41":{"loc":{"start":{"line":117,"column":10},"end":{"line":117,"column":null}},"type":"cond-expr","locations":[{"start":{"line":117,"column":35},"end":{"line":117,"column":57}},{"start":{"line":117,"column":57},"end":{"line":117,"column":null}}]},"42":{"loc":{"start":{"line":119,"column":10},"end":{"line":119,"column":null}},"type":"cond-expr","locations":[{"start":{"line":119,"column":34},"end":{"line":119,"column":77}},{"start":{"line":119,"column":77},"end":{"line":119,"column":null}}]},"43":{"loc":{"start":{"line":121,"column":10},"end":{"line":121,"column":53}},"type":"cond-expr","locations":[{"start":{"line":121,"column":35},"end":{"line":121,"column":51}},{"start":{"line":121,"column":51},"end":{"line":121,"column":53}}]},"44":{"loc":{"start":{"line":124,"column":13},"end":{"line":130,"column":null}},"type":"binary-expr","locations":[{"start":{"line":124,"column":13},"end":{"line":124,"column":null}},{"start":{"line":125,"column":14},"end":{"line":130,"column":null}}]},"45":{"loc":{"start":{"line":133,"column":33},"end":{"line":133,"column":56}},"type":"binary-expr","locations":[{"start":{"line":133,"column":33},"end":{"line":133,"column":45}},{"start":{"line":133,"column":45},"end":{"line":133,"column":56}}]},"46":{"loc":{"start":{"line":134,"column":16},"end":{"line":134,"column":null}},"type":"cond-expr","locations":[{"start":{"line":134,"column":40},"end":{"line":134,"column":54}},{"start":{"line":134,"column":54},"end":{"line":134,"column":null}}]},"47":{"loc":{"start":{"line":135,"column":19},"end":{"line":135,"column":62}},"type":"cond-expr","locations":[{"start":{"line":135,"column":44},"end":{"line":135,"column":60}},{"start":{"line":135,"column":60},"end":{"line":135,"column":62}}]},"48":{"loc":{"start":{"line":136,"column":16},"end":{"line":136,"column":null}},"type":"cond-expr","locations":[{"start":{"line":136,"column":41},"end":{"line":136,"column":56}},{"start":{"line":136,"column":56},"end":{"line":136,"column":null}}]},"49":{"loc":{"start":{"line":137,"column":19},"end":{"line":137,"column":61}},"type":"cond-expr","locations":[{"start":{"line":137,"column":42},"end":{"line":137,"column":59}},{"start":{"line":137,"column":59},"end":{"line":137,"column":61}}]},"50":{"loc":{"start":{"line":138,"column":14},"end":{"line":138,"column":63}},"type":"cond-expr","locations":[{"start":{"line":138,"column":42},"end":{"line":138,"column":61}},{"start":{"line":138,"column":61},"end":{"line":138,"column":63}}]},"51":{"loc":{"start":{"line":139,"column":14},"end":{"line":139,"column":null}},"type":"cond-expr","locations":[{"start":{"line":139,"column":43},"end":{"line":139,"column":64}},{"start":{"line":139,"column":64},"end":{"line":139,"column":null}}]},"52":{"loc":{"start":{"line":140,"column":17},"end":{"line":140,"column":68}},"type":"cond-expr","locations":[{"start":{"line":140,"column":46},"end":{"line":140,"column":66}},{"start":{"line":140,"column":66},"end":{"line":140,"column":68}}]},"53":{"loc":{"start":{"line":141,"column":14},"end":{"line":141,"column":60}},"type":"cond-expr","locations":[{"start":{"line":141,"column":41},"end":{"line":141,"column":58}},{"start":{"line":141,"column":58},"end":{"line":141,"column":60}}]}},"s":{"0":3},"f":{"0":3},"b":{"0":[3,3],"1":[3,3],"2":[2,1],"3":[2,2],"4":[1,1],"5":[0,2],"6":[0,2],"7":[0,2],"8":[0,2],"9":[0,2],"10":[0,2],"11":[0,2],"12":[0,2],"13":[0,2],"14":[0,2],"15":[1,1],"16":[0,2],"17":[1,1],"18":[2,0],"19":[2,2],"20":[1,1],"21":[1,1],"22":[0,2],"23":[0,2],"24":[0,2],"25":[0,2],"26":[0,2],"27":[0,2],"28":[1,1],"29":[1,1],"30":[0,1],"31":[1,0],"32":[0,1],"33":[0,1],"34":[0,1],"35":[0,1],"36":[0,1],"37":[0,1],"38":[0,1],"39":[0,1],"40":[0,1],"41":[1,0],"42":[0,1],"43":[0,1],"44":[1,1],"45":[1,1],"46":[0,1],"47":[0,1],"48":[1,0],"49":[0,1],"50":[0,1],"51":[0,1],"52":[0,1],"53":[0,1]}}
,"D:/Study/SWE/Front-End/src/components/form-controls/GoogleSignIn.jsx": {"path":"D:/Study/SWE/Front-End/src/components/form-controls/GoogleSignIn.jsx","statementMap":{"0":{"start":{"line":24,"column":2},"end":{"line":51,"column":null}},"1":{"start":{"line":55,"column":0},"end":{"line":57,"column":null}}},"fnMap":{"0":{"name":"GoogleSignInBtn","decl":{"start":{"line":5,"column":9},"end":{"line":5,"column":25}},"loc":{"start":{"line":5,"column":36},"end":{"line":53,"column":null}}}},"branchMap":{},"s":{"0":1,"1":2},"f":{"0":1},"b":{}}
,"D:/Study/SWE/Front-End/src/components/form-controls/emailInput.jsx": {"path":"D:/Study/SWE/Front-End/src/components/form-controls/emailInput.jsx","statementMap":{"0":{"start":{"line":6,"column":23},"end":{"line":6,"column":null}},"1":{"start":{"line":7,"column":28},"end":{"line":12,"column":null}},"2":{"start":{"line":8,"column":4},"end":{"line":8,"column":null}},"3":{"start":{"line":9,"column":4},"end":{"line":11,"column":null}},"4":{"start":{"line":10,"column":6},"end":{"line":10,"column":null}},"5":{"start":{"line":11,"column":11},"end":{"line":11,"column":null}},"6":{"start":{"line":14,"column":2},"end":{"line":53,"column":null}}},"fnMap":{"0":{"name":"EmailInput","decl":{"start":{"line":5,"column":9},"end":{"line":5,"column":20}},"loc":{"start":{"line":5,"column":58},"end":{"line":55,"column":null}}},"1":{"name":"(anonymous_1)","decl":{"start":{"line":7,"column":28},"end":{"line":7,"column":29}},"loc":{"start":{"line":7,"column":39},"end":{"line":12,"column":null}}}},"branchMap":{"0":{"loc":{"start":{"line":9,"column":4},"end":{"line":11,"column":null}},"type":"if","locations":[{"start":{"line":9,"column":4},"end":{"line":11,"column":null}},{"start":{"line":11,"column":11},"end":{"line":11,"column":null}}]},"1":{"loc":{"start":{"line":30,"column":10},"end":{"line":32,"column":null}},"type":"cond-expr","locations":[{"start":{"line":31,"column":14},"end":{"line":31,"column":null}},{"start":{"line":32,"column":14},"end":{"line":32,"column":null}}]},"2":{"loc":{"start":{"line":44,"column":10},"end":{"line":44,"column":68}},"type":"cond-expr","locations":[{"start":{"line":44,"column":25},"end":{"line":44,"column":66}},{"start":{"line":44,"column":66},"end":{"line":44,"column":68}}]},"3":{"loc":{"start":{"line":48,"column":7},"end":{"line":51,"column":null}},"type":"binary-expr","locations":[{"start":{"line":48,"column":7},"end":{"line":48,"column":null}},{"start":{"line":49,"column":8},"end":{"line":51,"column":null}}]}},"s":{"0":0,"1":0,"2":0,"3":0,"4":0,"5":0,"6":0},"f":{"0":0,"1":0},"b":{"0":[0,0],"1":[0,0],"2":[0,0],"3":[0,0]}}
,"D:/Study/SWE/Front-End/src/components/form-controls/passwordInput.jsx": {"path":"D:/Study/SWE/Front-End/src/components/form-controls/passwordInput.jsx","statementMap":{"0":{"start":{"line":5,"column":36},"end":{"line":5,"column":null}},"1":{"start":{"line":7,"column":18},"end":{"line":7,"column":null}},"2":{"start":{"line":9,"column":2},"end":{"line":79,"column":null}},"3":{"start":{"line":17,"column":10},"end":{"line":17,"column":null}},"4":{"start":{"line":18,"column":10},"end":{"line":18,"column":null}},"5":{"start":{"line":50,"column":12},"end":{"line":50,"column":null}},"6":{"start":{"line":51,"column":12},"end":{"line":51,"column":null}},"7":{"start":{"line":63,"column":12},"end":{"line":63,"column":null}},"8":{"start":{"line":64,"column":12},"end":{"line":64,"column":null}}},"fnMap":{"0":{"name":"PasswordInput","decl":{"start":{"line":4,"column":9},"end":{"line":4,"column":23}},"loc":{"start":{"line":4,"column":74},"end":{"line":81,"column":null}}},"1":{"name":"(anonymous_1)","decl":{"start":{"line":16,"column":18},"end":{"line":16,"column":19}},"loc":{"start":{"line":16,"column":29},"end":{"line":19,"column":null}}},"2":{"name":"(anonymous_2)","decl":{"start":{"line":49,"column":19},"end":{"line":49,"column":25}},"loc":{"start":{"line":49,"column":25},"end":{"line":52,"column":null}}},"3":{"name":"(anonymous_3)","decl":{"start":{"line":62,"column":19},"end":{"line":62,"column":25}},"loc":{"start":{"line":62,"column":25},"end":{"line":65,"column":null}}}},"branchMap":{"0":{"loc":{"start":{"line":20,"column":14},"end":{"line":20,"column":null}},"type":"cond-expr","locations":[{"start":{"line":20,"column":26},"end":{"line":20,"column":35}},{"start":{"line":20,"column":35},"end":{"line":20,"column":null}}]},"1":{"loc":{"start":{"line":29,"column":10},"end":{"line":31,"column":null}},"type":"cond-expr","locations":[{"start":{"line":30,"column":14},"end":{"line":30,"column":null}},{"start":{"line":31,"column":14},"end":{"line":31,"column":null}}]},"2":{"loc":{"start":{"line":43,"column":10},"end":{"line":43,"column":68}},"type":"cond-expr","locations":[{"start":{"line":43,"column":25},"end":{"line":43,"column":66}},{"start":{"line":43,"column":66},"end":{"line":43,"column":68}}]},"3":{"loc":{"start":{"line":47,"column":7},"end":{"line":72,"column":null}},"type":"cond-expr","locations":[{"start":{"line":48,"column":8},"end":{"line":59,"column":null}},{"start":{"line":61,"column":8},"end":{"line":72,"column":null}}]},"4":{"loc":{"start":{"line":74,"column":7},"end":{"line":77,"column":null}},"type":"binary-expr","locations":[{"start":{"line":74,"column":7},"end":{"line":74,"column":null}},{"start":{"line":75,"column":8},"end":{"line":77,"column":null}}]}},"s":{"0":0,"1":0,"2":0,"3":0,"4":0,"5":0,"6":0,"7":0,"8":0},"f":{"0":0,"1":0,"2":0,"3":0},"b":{"0":[0,0],"1":[0,0],"2":[0,0],"3":[0,0],"4":[0,0]}}
,"D:/Study/SWE/Front-End/src/components/landingPage/LandingPage.jsx": {"path":"D:/Study/SWE/Front-End/src/components/landingPage/LandingPage.jsx","statementMap":{"0":{"start":{"line":6,"column":2},"end":{"line":34,"column":null}}},"fnMap":{"0":{"name":"LandingPage","decl":{"start":{"line":5,"column":9},"end":{"line":5,"column":23}},"loc":{"start":{"line":5,"column":23},"end":{"line":36,"column":null}}}},"branchMap":{},"s":{"0":1},"f":{"0":1},"b":{}}
,"D:/Study/SWE/Front-End/src/components/landingPage/NewAccountForm.jsx": {"path":"D:/Study/SWE/Front-End/src/components/landingPage/NewAccountForm.jsx","statementMap":{"0":{"start":{"line":6,"column":2},"end":{"line":35,"column":null}}},"fnMap":{"0":{"name":"NewAccountForm","decl":{"start":{"line":5,"column":9},"end":{"line":5,"column":26}},"loc":{"start":{"line":5,"column":26},"end":{"line":37,"column":null}}}},"branchMap":{},"s":{"0":1},"f":{"0":1},"b":{}}
,"D:/Study/SWE/Front-End/src/components/login-page/Login.jsx": {"path":"D:/Study/SWE/Front-End/src/components/login-page/Login.jsx","statementMap":{"0":{"start":{"line":14,"column":28},"end":{"line":14,"column":null}},"1":{"start":{"line":15,"column":38},"end":{"line":15,"column":null}},"2":{"start":{"line":16,"column":44},"end":{"line":16,"column":null}},"3":{"start":{"line":17,"column":34},"end":{"line":17,"column":null}},"4":{"start":{"line":18,"column":36},"end":{"line":18,"column":null}},"5":{"start":{"line":19,"column":19},"end":{"line":19,"column":null}},"6":{"start":{"line":20,"column":23},"end":{"line":20,"column":null}},"7":{"start":{"line":22,"column":22},"end":{"line":47,"column":null}},"8":{"start":{"line":23,"column":4},"end":{"line":46,"column":null}},"9":{"start":{"line":24,"column":6},"end":{"line":24,"column":null}},"10":{"start":{"line":25,"column":18},"end":{"line":37,"column":null}},"11":{"start":{"line":38,"column":19},"end":{"line":38,"column":null}},"12":{"start":{"line":39,"column":6},"end":{"line":39,"column":null}},"13":{"start":{"line":39,"column":35},"end":{"line":39,"column":null}},"14":{"start":{"line":40,"column":6},"end":{"line":40,"column":null}},"15":{"start":{"line":41,"column":6},"end":{"line":41,"column":null}},"16":{"start":{"line":43,"column":6},"end":{"line":43,"column":null}},"17":{"start":{"line":45,"column":6},"end":{"line":45,"column":null}},"18":{"start":{"line":49,"column":2},"end":{"line":121,"column":null}}},"fnMap":{"0":{"name":"Login","decl":{"start":{"line":13,"column":9},"end":{"line":13,"column":17}},"loc":{"start":{"line":13,"column":17},"end":{"line":123,"column":null}}},"1":{"name":"(anonymous_1)","decl":{"start":{"line":22,"column":22},"end":{"line":22,"column":34}},"loc":{"start":{"line":22,"column":34},"end":{"line":47,"column":null}}}},"branchMap":{"0":{"loc":{"start":{"line":39,"column":6},"end":{"line":39,"column":null}},"type":"if","locations":[{"start":{"line":39,"column":6},"end":{"line":39,"column":null}},{"start":{"line":39,"column":6},"end":{"line":39,"column":null}}]},"1":{"loc":{"start":{"line":54,"column":7},"end":{"line":118,"column":null}},"type":"cond-expr","locations":[{"start":{"line":55,"column":8},"end":{"line":55,"column":null}},{"start":{"line":57,"column":8},"end":{"line":118,"column":null}}]}},"s":{"0":0,"1":0,"2":0,"3":0,"4":0,"5":0,"6":0,"7":0,"8":0,"9":0,"10":0,"11":0,"12":0,"13":0,"14":0,"15":0,"16":0,"17":0,"18":0},"f":{"0":0,"1":0},"b":{"0":[0,0],"1":[0,0]}}
,"D:/Study/SWE/Front-End/src/contexts/Auth/AuthProvider.jsx": {"path":"D:/Study/SWE/Front-End/src/contexts/Auth/AuthProvider.jsx","statementMap":{"0":{"start":{"line":5,"column":21},"end":{"line":8,"column":null}},"1":{"start":{"line":10,"column":2},"end":{"line":25,"column":null}},"2":{"start":{"line":12,"column":6},"end":{"line":16,"column":null}},"3":{"start":{"line":18,"column":6},"end":{"line":22,"column":null}},"4":{"start":{"line":24,"column":6},"end":{"line":24,"column":null}},"5":{"start":{"line":29,"column":48},"end":{"line":32,"column":null}},"6":{"start":{"line":33,"column":2},"end":{"line":41,"column":null}},"7":{"start":{"line":36,"column":15},"end":{"line":36,"column":null}},"8":{"start":{"line":45,"column":0},"end":{"line":47,"column":null}},"9":{"start":{"line":48,"column":0},"end":{"line":50,"column":null}}},"fnMap":{"0":{"name":"reducer","decl":{"start":{"line":9,"column":9},"end":{"line":9,"column":17}},"loc":{"start":{"line":9,"column":32},"end":{"line":26,"column":null}}},"1":{"name":"AuthProvider","decl":{"start":{"line":28,"column":9},"end":{"line":28,"column":22}},"loc":{"start":{"line":28,"column":36},"end":{"line":43,"column":null}}},"2":{"name":"(anonymous_2)","decl":{"start":{"line":36,"column":8},"end":{"line":36,"column":15}},"loc":{"start":{"line":36,"column":15},"end":{"line":36,"column":null}}}},"branchMap":{"0":{"loc":{"start":{"line":10,"column":2},"end":{"line":25,"column":null}},"type":"switch","locations":[{"start":{"line":11,"column":4},"end":{"line":16,"column":null}},{"start":{"line":17,"column":4},"end":{"line":22,"column":null}},{"start":{"line":23,"column":4},"end":{"line":24,"column":null}}]}},"s":{"0":2,"1":0,"2":0,"3":0,"4":0,"5":1,"6":1,"7":1,"8":2,"9":2},"f":{"0":0,"1":1,"2":1},"b":{"0":[0,0,0]}}
,"D:/Study/SWE/Front-End/src/hooks/AuthContext.js": {"path":"D:/Study/SWE/Front-End/src/hooks/AuthContext.js","statementMap":{"0":{"start":{"line":3,"column":27},"end":{"line":3,"column":42}},"1":{"start":{"line":6,"column":18},"end":{"line":6,"column":41}},"2":{"start":{"line":7,"column":2},"end":{"line":9,"column":3}},"3":{"start":{"line":8,"column":4},"end":{"line":8,"column":66}},"4":{"start":{"line":10,"column":2},"end":{"line":10,"column":17}}},"fnMap":{"0":{"name":"useAuth","decl":{"start":{"line":5,"column":16},"end":{"line":5,"column":23}},"loc":{"start":{"line":5,"column":26},"end":{"line":11,"column":1}}}},"branchMap":{"0":{"loc":{"start":{"line":7,"column":2},"end":{"line":9,"column":3}},"type":"if","locations":[{"start":{"line":7,"column":2},"end":{"line":9,"column":3}},{"start":{"line":7,"column":2},"end":{"line":9,"column":3}}]}},"s":{"0":2,"1":0,"2":0,"3":0,"4":0},"f":{"0":0},"b":{"0":[0,0]}}
}
